#
# There is insufficient memory for the Java Runtime Environment to continue.
# Native memory allocation (malloc) failed to allocate 1138560 bytes. Error detail: Chunk::new
# Possible reasons:
#   The system is out of physical RAM or swap space
#   This process is running with CompressedOops enabled, and the Java Heap may be blocking the growth of the native heap
# Possible solutions:
#   Reduce memory load on the system
#   Increase physical memory or swap space
#   Check if swap backing store is full
#   Decrease Java heap size (-Xmx/-Xms)
#   Decrease number of Java threads
#   Decrease Java thread stack sizes (-Xss)
#   Set larger code cache with -XX:ReservedCodeCacheSize=
#   JVM is running with Unscaled Compressed Oops mode in which the Java heap is
#     placed in the first 4GB address space. The Java Heap base address is the
#     maximum limit for the native heap growth. Please use -XX:HeapBaseMinAddress
#     to set the Java Heap base and to place the Java Heap above 4GB virtual address.
# This output file may be truncated or incomplete.
#
#  Out of Memory Error (arena.cpp:168), pid=42020, tid=12888
#
# JRE version: OpenJDK Runtime Environment (21.0.6) (build 21.0.6+-13368085-b895.109)
# Java VM: OpenJDK 64-Bit Server VM (21.0.6+-13368085-b895.109, mixed mode, tiered, compressed oops, compressed class ptrs, g1 gc, windows-amd64)
# No core dump will be written. Minidumps are not enabled by default on client versions of Windows
#

---------------  S U M M A R Y ------------

Command Line: git4idea.http.GitAskPassApp Username for 'https://github.com': 

Host: AMD Ryzen 5 5600G with Radeon Graphics         , 12 cores, 7G,  Windows 11 , 64 bit Build 26100 (10.0.26100.7623)
Time: Fri Feb 13 08:51:40 2026 Eastern Standard Time elapsed time: 5.881519 seconds (0d 0h 0m 5s)

---------------  T H R E A D  ---------------

Current thread (0x000001fa6ac18fa0):  JavaThread "C2 CompilerThread2" daemon [_thread_in_native, id=12888, stack(0x00000048d3400000,0x00000048d3500000) (1024K)]


Current CompileTask:
C2:5881 1107       4       sun.security.ec.ECOperations::setDouble (463 bytes)

Stack: [0x00000048d3400000,0x00000048d3500000]
Native frames: (J=compiled Java code, j=interpreted, Vv=VM code, C=native code)
V  [jvm.dll+0x6d0639]
V  [jvm.dll+0x85eb03]
V  [jvm.dll+0x86105e]
V  [jvm.dll+0x861743]
V  [jvm.dll+0x27e6e6]
V  [jvm.dll+0xbff6d]
V  [jvm.dll+0xc04a3]
V  [jvm.dll+0x3b61ab]
V  [jvm.dll+0x1de872]
V  [jvm.dll+0x247dd4]
V  [jvm.dll+0x247251]
V  [jvm.dll+0x1c5f04]
V  [jvm.dll+0x2569ac]
V  [jvm.dll+0x254ef6]
V  [jvm.dll+0x3f0e96]
V  [jvm.dll+0x806ed8]
V  [jvm.dll+0x6cef0d]
C  [ucrtbase.dll+0x37b0]
C  [KERNEL32.DLL+0x2e8d7]
C  [ntdll.dll+0x8c53c]


---------------  P R O C E S S  ---------------

Threads class SMR info:
_java_thread_list=0x000001fa6f38e810, length=16, elements={
0x000001fa50c03fc0, 0x000001fa6abdea10, 0x000001fa6abdf460, 0x000001fa6abfa9a0,
0x000001fa6abfb3f0, 0x000001fa6abfc5e0, 0x000001fa6abfd7d0, 0x000001fa6ac0e230,
0x000001fa6ac1b880, 0x000001fa6ada6de0, 0x000001fa6adb4300, 0x000001fa6f32f500,
0x000001fa6f3a8440, 0x000001fa6f3a9370, 0x000001fa6ac19670, 0x000001fa6ac18fa0
}

Java Threads: ( => current thread )
  0x000001fa50c03fc0 JavaThread "main"                              [_thread_blocked, id=14036, stack(0x00000048d1d00000,0x00000048d1e00000) (1024K)]
  0x000001fa6abdea10 JavaThread "Reference Handler"          daemon [_thread_blocked, id=48672, stack(0x00000048d2500000,0x00000048d2600000) (1024K)]
  0x000001fa6abdf460 JavaThread "Finalizer"                  daemon [_thread_blocked, id=33044, stack(0x00000048d2600000,0x00000048d2700000) (1024K)]
  0x000001fa6abfa9a0 JavaThread "Signal Dispatcher"          daemon [_thread_blocked, id=34640, stack(0x00000048d2700000,0x00000048d2800000) (1024K)]
  0x000001fa6abfb3f0 JavaThread "Attach Listener"            daemon [_thread_blocked, id=41708, stack(0x00000048d2800000,0x00000048d2900000) (1024K)]
  0x000001fa6abfc5e0 JavaThread "Service Thread"             daemon [_thread_blocked, id=43180, stack(0x00000048d2900000,0x00000048d2a00000) (1024K)]
  0x000001fa6abfd7d0 JavaThread "Monitor Deflation Thread"   daemon [_thread_blocked, id=45220, stack(0x00000048d2a00000,0x00000048d2b00000) (1024K)]
  0x000001fa6ac0e230 JavaThread "C2 CompilerThread0"         daemon [_thread_blocked, id=18236, stack(0x00000048d2b00000,0x00000048d2c00000) (1024K)]
  0x000001fa6ac1b880 JavaThread "C1 CompilerThread0"         daemon [_thread_blocked, id=40520, stack(0x00000048d2c00000,0x00000048d2d00000) (1024K)]
  0x000001fa6ada6de0 JavaThread "Notification Thread"        daemon [_thread_blocked, id=14000, stack(0x00000048d2d00000,0x00000048d2e00000) (1024K)]
  0x000001fa6adb4300 JavaThread "Common-Cleaner"             daemon [_thread_blocked, id=18464, stack(0x00000048d2e00000,0x00000048d2f00000) (1024K)]
  0x000001fa6f32f500 JavaThread "HttpClient-1-SelectorManager" daemon [_thread_in_native, id=23520, stack(0x00000048d2f00000,0x00000048d3000000) (1024K)]
  0x000001fa6f3a8440 JavaThread "HttpClient-1-Worker-0"      daemon [_thread_blocked, id=40552, stack(0x00000048d3100000,0x00000048d3200000) (1024K)]
  0x000001fa6f3a9370 JavaThread "HttpClient-1-Worker-1"      daemon [_thread_blocked, id=31816, stack(0x00000048d3200000,0x00000048d3300000) (1024K)]
  0x000001fa6ac19670 JavaThread "C2 CompilerThread1"         daemon [_thread_blocked, id=22872, stack(0x00000048d3300000,0x00000048d3400000) (1024K)]
=>0x000001fa6ac18fa0 JavaThread "C2 CompilerThread2"         daemon [_thread_in_native, id=12888, stack(0x00000048d3400000,0x00000048d3500000) (1024K)]
Total: 16

Other Threads:
  0x000001fa6ab82830 VMThread "VM Thread"                           [id=48772, stack(0x00000048d2400000,0x00000048d2500000) (1024K)]
  0x000001fa6a9bb450 WatcherThread "VM Periodic Task Thread"        [id=31396, stack(0x00000048d2300000,0x00000048d2400000) (1024K)]
  0x000001fa52feee20 WorkerThread "GC Thread#0"                     [id=33596, stack(0x00000048d1e00000,0x00000048d1f00000) (1024K)]
  0x000001fa52fff8c0 ConcurrentGCThread "G1 Main Marker"            [id=38508, stack(0x00000048d1f00000,0x00000048d2000000) (1024K)]
  0x000001fa530020b0 WorkerThread "G1 Conc#0"                       [id=45004, stack(0x00000048d2000000,0x00000048d2100000) (1024K)]
  0x000001fa5305e400 ConcurrentGCThread "G1 Refine#0"               [id=39668, stack(0x00000048d2100000,0x00000048d2200000) (1024K)]
  0x000001fa6a88f560 ConcurrentGCThread "G1 Service"                [id=29520, stack(0x00000048d2200000,0x00000048d2300000) (1024K)]
Total: 7

Threads with active compile tasks:
C2 CompilerThread2  5912 1107       4       sun.security.ec.ECOperations::setDouble (463 bytes)
Total: 1

VM state: not at safepoint (normal execution)

VM Mutex/Monitor currently owned by a thread: None

Heap address: 0x0000000082a00000, size: 2006 MB, Compressed Oops mode: 32-bit

CDS archive(s) not mapped
Compressed class space mapped at: 0x0000000100000000-0x0000000140000000, reserved size: 1073741824
Narrow klass base: 0x0000000000000000, Narrow klass shift: 3, Narrow klass range: 0x140000000

GC Precious Log:
 CardTable entry size: 512
 Card Set container configuration: InlinePtr #cards 5 size 8 Array Of Cards #cards 12 size 40 Howl #buckets 4 coarsen threshold 1843 Howl Bitmap #cards 512 size 80 coarsen threshold 460 Card regions per heap region 1 cards per card region 2048
 CPUs: 12 total, 12 available
 Memory: 8020M
 Large Page Support: Disabled
 NUMA Support: Disabled
 Compressed Oops: Enabled (32-bit)
 Heap Region Size: 1M
 Heap Min Capacity: 8M
 Heap Initial Capacity: 126M
 Heap Max Capacity: 2006M
 Pre-touch: Disabled
 Parallel Workers: 10
 Concurrent Workers: 3
 Concurrent Refinement Workers: 10
 Periodic GC: Disabled

Heap:
 garbage-first heap   total 129024K, used 15360K [0x0000000082a00000, 0x0000000100000000)
  region size 1024K, 16 young (16384K), 0 survivors (0K)
 Metaspace       used 16896K, committed 17152K, reserved 1114112K
  class space    used 1793K, committed 1920K, reserved 1048576K

Heap Regions: E=young(eden), S=young(survivor), O=old, HS=humongous(starts), HC=humongous(continues), CS=collection set, F=free, TAMS=top-at-mark-start, PB=parsable bottom
|   0|0x0000000082a00000, 0x0000000082a00000, 0x0000000082b00000|  0%| F|  |TAMS 0x0000000082a00000| PB 0x0000000082a00000| Untracked 
|   1|0x0000000082b00000, 0x0000000082b00000, 0x0000000082c00000|  0%| F|  |TAMS 0x0000000082b00000| PB 0x0000000082b00000| Untracked 
|   2|0x0000000082c00000, 0x0000000082c00000, 0x0000000082d00000|  0%| F|  |TAMS 0x0000000082c00000| PB 0x0000000082c00000| Untracked 
|   3|0x0000000082d00000, 0x0000000082d00000, 0x0000000082e00000|  0%| F|  |TAMS 0x0000000082d00000| PB 0x0000000082d00000| Untracked 
|   4|0x0000000082e00000, 0x0000000082e00000, 0x0000000082f00000|  0%| F|  |TAMS 0x0000000082e00000| PB 0x0000000082e00000| Untracked 
|   5|0x0000000082f00000, 0x0000000082f00000, 0x0000000083000000|  0%| F|  |TAMS 0x0000000082f00000| PB 0x0000000082f00000| Untracked 
|   6|0x0000000083000000, 0x0000000083000000, 0x0000000083100000|  0%| F|  |TAMS 0x0000000083000000| PB 0x0000000083000000| Untracked 
|   7|0x0000000083100000, 0x0000000083100000, 0x0000000083200000|  0%| F|  |TAMS 0x0000000083100000| PB 0x0000000083100000| Untracked 
|   8|0x0000000083200000, 0x0000000083200000, 0x0000000083300000|  0%| F|  |TAMS 0x0000000083200000| PB 0x0000000083200000| Untracked 
|   9|0x0000000083300000, 0x0000000083300000, 0x0000000083400000|  0%| F|  |TAMS 0x0000000083300000| PB 0x0000000083300000| Untracked 
|  10|0x0000000083400000, 0x0000000083400000, 0x0000000083500000|  0%| F|  |TAMS 0x0000000083400000| PB 0x0000000083400000| Untracked 
|  11|0x0000000083500000, 0x0000000083500000, 0x0000000083600000|  0%| F|  |TAMS 0x0000000083500000| PB 0x0000000083500000| Untracked 
|  12|0x0000000083600000, 0x0000000083600000, 0x0000000083700000|  0%| F|  |TAMS 0x0000000083600000| PB 0x0000000083600000| Untracked 
|  13|0x0000000083700000, 0x0000000083700000, 0x0000000083800000|  0%| F|  |TAMS 0x0000000083700000| PB 0x0000000083700000| Untracked 
|  14|0x0000000083800000, 0x0000000083800000, 0x0000000083900000|  0%| F|  |TAMS 0x0000000083800000| PB 0x0000000083800000| Untracked 
|  15|0x0000000083900000, 0x0000000083900000, 0x0000000083a00000|  0%| F|  |TAMS 0x0000000083900000| PB 0x0000000083900000| Untracked 
|  16|0x0000000083a00000, 0x0000000083a00000, 0x0000000083b00000|  0%| F|  |TAMS 0x0000000083a00000| PB 0x0000000083a00000| Untracked 
|  17|0x0000000083b00000, 0x0000000083b00000, 0x0000000083c00000|  0%| F|  |TAMS 0x0000000083b00000| PB 0x0000000083b00000| Untracked 
|  18|0x0000000083c00000, 0x0000000083c00000, 0x0000000083d00000|  0%| F|  |TAMS 0x0000000083c00000| PB 0x0000000083c00000| Untracked 
|  19|0x0000000083d00000, 0x0000000083d00000, 0x0000000083e00000|  0%| F|  |TAMS 0x0000000083d00000| PB 0x0000000083d00000| Untracked 
|  20|0x0000000083e00000, 0x0000000083e00000, 0x0000000083f00000|  0%| F|  |TAMS 0x0000000083e00000| PB 0x0000000083e00000| Untracked 
|  21|0x0000000083f00000, 0x0000000083f00000, 0x0000000084000000|  0%| F|  |TAMS 0x0000000083f00000| PB 0x0000000083f00000| Untracked 
|  22|0x0000000084000000, 0x0000000084000000, 0x0000000084100000|  0%| F|  |TAMS 0x0000000084000000| PB 0x0000000084000000| Untracked 
|  23|0x0000000084100000, 0x0000000084100000, 0x0000000084200000|  0%| F|  |TAMS 0x0000000084100000| PB 0x0000000084100000| Untracked 
|  24|0x0000000084200000, 0x0000000084200000, 0x0000000084300000|  0%| F|  |TAMS 0x0000000084200000| PB 0x0000000084200000| Untracked 
|  25|0x0000000084300000, 0x0000000084300000, 0x0000000084400000|  0%| F|  |TAMS 0x0000000084300000| PB 0x0000000084300000| Untracked 
|  26|0x0000000084400000, 0x0000000084400000, 0x0000000084500000|  0%| F|  |TAMS 0x0000000084400000| PB 0x0000000084400000| Untracked 
|  27|0x0000000084500000, 0x0000000084500000, 0x0000000084600000|  0%| F|  |TAMS 0x0000000084500000| PB 0x0000000084500000| Untracked 
|  28|0x0000000084600000, 0x0000000084600000, 0x0000000084700000|  0%| F|  |TAMS 0x0000000084600000| PB 0x0000000084600000| Untracked 
|  29|0x0000000084700000, 0x0000000084700000, 0x0000000084800000|  0%| F|  |TAMS 0x0000000084700000| PB 0x0000000084700000| Untracked 
|  30|0x0000000084800000, 0x0000000084800000, 0x0000000084900000|  0%| F|  |TAMS 0x0000000084800000| PB 0x0000000084800000| Untracked 
|  31|0x0000000084900000, 0x0000000084900000, 0x0000000084a00000|  0%| F|  |TAMS 0x0000000084900000| PB 0x0000000084900000| Untracked 
|  32|0x0000000084a00000, 0x0000000084a00000, 0x0000000084b00000|  0%| F|  |TAMS 0x0000000084a00000| PB 0x0000000084a00000| Untracked 
|  33|0x0000000084b00000, 0x0000000084b00000, 0x0000000084c00000|  0%| F|  |TAMS 0x0000000084b00000| PB 0x0000000084b00000| Untracked 
|  34|0x0000000084c00000, 0x0000000084c00000, 0x0000000084d00000|  0%| F|  |TAMS 0x0000000084c00000| PB 0x0000000084c00000| Untracked 
|  35|0x0000000084d00000, 0x0000000084d00000, 0x0000000084e00000|  0%| F|  |TAMS 0x0000000084d00000| PB 0x0000000084d00000| Untracked 
|  36|0x0000000084e00000, 0x0000000084e00000, 0x0000000084f00000|  0%| F|  |TAMS 0x0000000084e00000| PB 0x0000000084e00000| Untracked 
|  37|0x0000000084f00000, 0x0000000084f00000, 0x0000000085000000|  0%| F|  |TAMS 0x0000000084f00000| PB 0x0000000084f00000| Untracked 
|  38|0x0000000085000000, 0x0000000085000000, 0x0000000085100000|  0%| F|  |TAMS 0x0000000085000000| PB 0x0000000085000000| Untracked 
|  39|0x0000000085100000, 0x0000000085100000, 0x0000000085200000|  0%| F|  |TAMS 0x0000000085100000| PB 0x0000000085100000| Untracked 
|  40|0x0000000085200000, 0x0000000085200000, 0x0000000085300000|  0%| F|  |TAMS 0x0000000085200000| PB 0x0000000085200000| Untracked 
|  41|0x0000000085300000, 0x0000000085300000, 0x0000000085400000|  0%| F|  |TAMS 0x0000000085300000| PB 0x0000000085300000| Untracked 
|  42|0x0000000085400000, 0x0000000085400000, 0x0000000085500000|  0%| F|  |TAMS 0x0000000085400000| PB 0x0000000085400000| Untracked 
|  43|0x0000000085500000, 0x0000000085500000, 0x0000000085600000|  0%| F|  |TAMS 0x0000000085500000| PB 0x0000000085500000| Untracked 
|  44|0x0000000085600000, 0x0000000085600000, 0x0000000085700000|  0%| F|  |TAMS 0x0000000085600000| PB 0x0000000085600000| Untracked 
|  45|0x0000000085700000, 0x0000000085700000, 0x0000000085800000|  0%| F|  |TAMS 0x0000000085700000| PB 0x0000000085700000| Untracked 
|  46|0x0000000085800000, 0x0000000085800000, 0x0000000085900000|  0%| F|  |TAMS 0x0000000085800000| PB 0x0000000085800000| Untracked 
|  47|0x0000000085900000, 0x0000000085900000, 0x0000000085a00000|  0%| F|  |TAMS 0x0000000085900000| PB 0x0000000085900000| Untracked 
|  48|0x0000000085a00000, 0x0000000085a00000, 0x0000000085b00000|  0%| F|  |TAMS 0x0000000085a00000| PB 0x0000000085a00000| Untracked 
|  49|0x0000000085b00000, 0x0000000085b00000, 0x0000000085c00000|  0%| F|  |TAMS 0x0000000085b00000| PB 0x0000000085b00000| Untracked 
|  50|0x0000000085c00000, 0x0000000085c00000, 0x0000000085d00000|  0%| F|  |TAMS 0x0000000085c00000| PB 0x0000000085c00000| Untracked 
|  51|0x0000000085d00000, 0x0000000085d00000, 0x0000000085e00000|  0%| F|  |TAMS 0x0000000085d00000| PB 0x0000000085d00000| Untracked 
|  52|0x0000000085e00000, 0x0000000085e00000, 0x0000000085f00000|  0%| F|  |TAMS 0x0000000085e00000| PB 0x0000000085e00000| Untracked 
|  53|0x0000000085f00000, 0x0000000085f00000, 0x0000000086000000|  0%| F|  |TAMS 0x0000000085f00000| PB 0x0000000085f00000| Untracked 
|  54|0x0000000086000000, 0x0000000086000000, 0x0000000086100000|  0%| F|  |TAMS 0x0000000086000000| PB 0x0000000086000000| Untracked 
|  55|0x0000000086100000, 0x0000000086100000, 0x0000000086200000|  0%| F|  |TAMS 0x0000000086100000| PB 0x0000000086100000| Untracked 
|  56|0x0000000086200000, 0x0000000086200000, 0x0000000086300000|  0%| F|  |TAMS 0x0000000086200000| PB 0x0000000086200000| Untracked 
|  57|0x0000000086300000, 0x0000000086300000, 0x0000000086400000|  0%| F|  |TAMS 0x0000000086300000| PB 0x0000000086300000| Untracked 
|  58|0x0000000086400000, 0x0000000086400000, 0x0000000086500000|  0%| F|  |TAMS 0x0000000086400000| PB 0x0000000086400000| Untracked 
|  59|0x0000000086500000, 0x0000000086500000, 0x0000000086600000|  0%| F|  |TAMS 0x0000000086500000| PB 0x0000000086500000| Untracked 
|  60|0x0000000086600000, 0x0000000086600000, 0x0000000086700000|  0%| F|  |TAMS 0x0000000086600000| PB 0x0000000086600000| Untracked 
|  61|0x0000000086700000, 0x0000000086700000, 0x0000000086800000|  0%| F|  |TAMS 0x0000000086700000| PB 0x0000000086700000| Untracked 
|  62|0x0000000086800000, 0x0000000086800000, 0x0000000086900000|  0%| F|  |TAMS 0x0000000086800000| PB 0x0000000086800000| Untracked 
|  63|0x0000000086900000, 0x0000000086900000, 0x0000000086a00000|  0%| F|  |TAMS 0x0000000086900000| PB 0x0000000086900000| Untracked 
|  64|0x0000000086a00000, 0x0000000086a00000, 0x0000000086b00000|  0%| F|  |TAMS 0x0000000086a00000| PB 0x0000000086a00000| Untracked 
|  65|0x0000000086b00000, 0x0000000086b00000, 0x0000000086c00000|  0%| F|  |TAMS 0x0000000086b00000| PB 0x0000000086b00000| Untracked 
|  66|0x0000000086c00000, 0x0000000086c00000, 0x0000000086d00000|  0%| F|  |TAMS 0x0000000086c00000| PB 0x0000000086c00000| Untracked 
|  67|0x0000000086d00000, 0x0000000086d00000, 0x0000000086e00000|  0%| F|  |TAMS 0x0000000086d00000| PB 0x0000000086d00000| Untracked 
|  68|0x0000000086e00000, 0x0000000086e00000, 0x0000000086f00000|  0%| F|  |TAMS 0x0000000086e00000| PB 0x0000000086e00000| Untracked 
|  69|0x0000000086f00000, 0x0000000086f00000, 0x0000000087000000|  0%| F|  |TAMS 0x0000000086f00000| PB 0x0000000086f00000| Untracked 
|  70|0x0000000087000000, 0x0000000087000000, 0x0000000087100000|  0%| F|  |TAMS 0x0000000087000000| PB 0x0000000087000000| Untracked 
|  71|0x0000000087100000, 0x0000000087100000, 0x0000000087200000|  0%| F|  |TAMS 0x0000000087100000| PB 0x0000000087100000| Untracked 
|  72|0x0000000087200000, 0x0000000087200000, 0x0000000087300000|  0%| F|  |TAMS 0x0000000087200000| PB 0x0000000087200000| Untracked 
|  73|0x0000000087300000, 0x0000000087300000, 0x0000000087400000|  0%| F|  |TAMS 0x0000000087300000| PB 0x0000000087300000| Untracked 
|  74|0x0000000087400000, 0x0000000087400000, 0x0000000087500000|  0%| F|  |TAMS 0x0000000087400000| PB 0x0000000087400000| Untracked 
|  75|0x0000000087500000, 0x0000000087500000, 0x0000000087600000|  0%| F|  |TAMS 0x0000000087500000| PB 0x0000000087500000| Untracked 
|  76|0x0000000087600000, 0x0000000087600000, 0x0000000087700000|  0%| F|  |TAMS 0x0000000087600000| PB 0x0000000087600000| Untracked 
|  77|0x0000000087700000, 0x0000000087700000, 0x0000000087800000|  0%| F|  |TAMS 0x0000000087700000| PB 0x0000000087700000| Untracked 
|  78|0x0000000087800000, 0x0000000087800000, 0x0000000087900000|  0%| F|  |TAMS 0x0000000087800000| PB 0x0000000087800000| Untracked 
|  79|0x0000000087900000, 0x0000000087900000, 0x0000000087a00000|  0%| F|  |TAMS 0x0000000087900000| PB 0x0000000087900000| Untracked 
|  80|0x0000000087a00000, 0x0000000087a00000, 0x0000000087b00000|  0%| F|  |TAMS 0x0000000087a00000| PB 0x0000000087a00000| Untracked 
|  81|0x0000000087b00000, 0x0000000087b00000, 0x0000000087c00000|  0%| F|  |TAMS 0x0000000087b00000| PB 0x0000000087b00000| Untracked 
|  82|0x0000000087c00000, 0x0000000087c00000, 0x0000000087d00000|  0%| F|  |TAMS 0x0000000087c00000| PB 0x0000000087c00000| Untracked 
|  83|0x0000000087d00000, 0x0000000087d00000, 0x0000000087e00000|  0%| F|  |TAMS 0x0000000087d00000| PB 0x0000000087d00000| Untracked 
|  84|0x0000000087e00000, 0x0000000087e00000, 0x0000000087f00000|  0%| F|  |TAMS 0x0000000087e00000| PB 0x0000000087e00000| Untracked 
|  85|0x0000000087f00000, 0x0000000087f00000, 0x0000000088000000|  0%| F|  |TAMS 0x0000000087f00000| PB 0x0000000087f00000| Untracked 
|  86|0x0000000088000000, 0x0000000088000000, 0x0000000088100000|  0%| F|  |TAMS 0x0000000088000000| PB 0x0000000088000000| Untracked 
|  87|0x0000000088100000, 0x0000000088100000, 0x0000000088200000|  0%| F|  |TAMS 0x0000000088100000| PB 0x0000000088100000| Untracked 
|  88|0x0000000088200000, 0x0000000088200000, 0x0000000088300000|  0%| F|  |TAMS 0x0000000088200000| PB 0x0000000088200000| Untracked 
|  89|0x0000000088300000, 0x0000000088300000, 0x0000000088400000|  0%| F|  |TAMS 0x0000000088300000| PB 0x0000000088300000| Untracked 
|  90|0x0000000088400000, 0x0000000088400000, 0x0000000088500000|  0%| F|  |TAMS 0x0000000088400000| PB 0x0000000088400000| Untracked 
|  91|0x0000000088500000, 0x0000000088500000, 0x0000000088600000|  0%| F|  |TAMS 0x0000000088500000| PB 0x0000000088500000| Untracked 
|  92|0x0000000088600000, 0x0000000088600000, 0x0000000088700000|  0%| F|  |TAMS 0x0000000088600000| PB 0x0000000088600000| Untracked 
|  93|0x0000000088700000, 0x0000000088700000, 0x0000000088800000|  0%| F|  |TAMS 0x0000000088700000| PB 0x0000000088700000| Untracked 
|  94|0x0000000088800000, 0x0000000088800000, 0x0000000088900000|  0%| F|  |TAMS 0x0000000088800000| PB 0x0000000088800000| Untracked 
|  95|0x0000000088900000, 0x0000000088900000, 0x0000000088a00000|  0%| F|  |TAMS 0x0000000088900000| PB 0x0000000088900000| Untracked 
|  96|0x0000000088a00000, 0x0000000088a00000, 0x0000000088b00000|  0%| F|  |TAMS 0x0000000088a00000| PB 0x0000000088a00000| Untracked 
|  97|0x0000000088b00000, 0x0000000088b00000, 0x0000000088c00000|  0%| F|  |TAMS 0x0000000088b00000| PB 0x0000000088b00000| Untracked 
|  98|0x0000000088c00000, 0x0000000088c00000, 0x0000000088d00000|  0%| F|  |TAMS 0x0000000088c00000| PB 0x0000000088c00000| Untracked 
|  99|0x0000000088d00000, 0x0000000088d00000, 0x0000000088e00000|  0%| F|  |TAMS 0x0000000088d00000| PB 0x0000000088d00000| Untracked 
| 100|0x0000000088e00000, 0x0000000088e00000, 0x0000000088f00000|  0%| F|  |TAMS 0x0000000088e00000| PB 0x0000000088e00000| Untracked 
| 101|0x0000000088f00000, 0x0000000088f00000, 0x0000000089000000|  0%| F|  |TAMS 0x0000000088f00000| PB 0x0000000088f00000| Untracked 
| 102|0x0000000089000000, 0x0000000089000000, 0x0000000089100000|  0%| F|  |TAMS 0x0000000089000000| PB 0x0000000089000000| Untracked 
| 103|0x0000000089100000, 0x0000000089100000, 0x0000000089200000|  0%| F|  |TAMS 0x0000000089100000| PB 0x0000000089100000| Untracked 
| 104|0x0000000089200000, 0x0000000089200000, 0x0000000089300000|  0%| F|  |TAMS 0x0000000089200000| PB 0x0000000089200000| Untracked 
| 105|0x0000000089300000, 0x0000000089300000, 0x0000000089400000|  0%| F|  |TAMS 0x0000000089300000| PB 0x0000000089300000| Untracked 
| 106|0x0000000089400000, 0x0000000089400000, 0x0000000089500000|  0%| F|  |TAMS 0x0000000089400000| PB 0x0000000089400000| Untracked 
| 107|0x0000000089500000, 0x0000000089500000, 0x0000000089600000|  0%| F|  |TAMS 0x0000000089500000| PB 0x0000000089500000| Untracked 
| 108|0x0000000089600000, 0x0000000089600000, 0x0000000089700000|  0%| F|  |TAMS 0x0000000089600000| PB 0x0000000089600000| Untracked 
| 109|0x0000000089700000, 0x0000000089700000, 0x0000000089800000|  0%| F|  |TAMS 0x0000000089700000| PB 0x0000000089700000| Untracked 
| 110|0x0000000089800000, 0x000000008987be48, 0x0000000089900000| 48%| E|  |TAMS 0x0000000089800000| PB 0x0000000089800000| Complete 
| 111|0x0000000089900000, 0x0000000089a00000, 0x0000000089a00000|100%| E|CS|TAMS 0x0000000089900000| PB 0x0000000089900000| Complete 
| 112|0x0000000089a00000, 0x0000000089b00000, 0x0000000089b00000|100%| E|CS|TAMS 0x0000000089a00000| PB 0x0000000089a00000| Complete 
| 113|0x0000000089b00000, 0x0000000089c00000, 0x0000000089c00000|100%| E|CS|TAMS 0x0000000089b00000| PB 0x0000000089b00000| Complete 
| 114|0x0000000089c00000, 0x0000000089d00000, 0x0000000089d00000|100%| E|CS|TAMS 0x0000000089c00000| PB 0x0000000089c00000| Complete 
| 115|0x0000000089d00000, 0x0000000089e00000, 0x0000000089e00000|100%| E|CS|TAMS 0x0000000089d00000| PB 0x0000000089d00000| Complete 
| 116|0x0000000089e00000, 0x0000000089f00000, 0x0000000089f00000|100%| E|CS|TAMS 0x0000000089e00000| PB 0x0000000089e00000| Complete 
| 117|0x0000000089f00000, 0x000000008a000000, 0x000000008a000000|100%| E|CS|TAMS 0x0000000089f00000| PB 0x0000000089f00000| Complete 
| 118|0x000000008a000000, 0x000000008a100000, 0x000000008a100000|100%| E|CS|TAMS 0x000000008a000000| PB 0x000000008a000000| Complete 
| 119|0x000000008a100000, 0x000000008a200000, 0x000000008a200000|100%| E|CS|TAMS 0x000000008a100000| PB 0x000000008a100000| Complete 
| 120|0x000000008a200000, 0x000000008a300000, 0x000000008a300000|100%| E|CS|TAMS 0x000000008a200000| PB 0x000000008a200000| Complete 
| 121|0x000000008a300000, 0x000000008a400000, 0x000000008a400000|100%| E|CS|TAMS 0x000000008a300000| PB 0x000000008a300000| Complete 
| 122|0x000000008a400000, 0x000000008a500000, 0x000000008a500000|100%| E|CS|TAMS 0x000000008a400000| PB 0x000000008a400000| Complete 
| 123|0x000000008a500000, 0x000000008a600000, 0x000000008a600000|100%| E|CS|TAMS 0x000000008a500000| PB 0x000000008a500000| Complete 
| 124|0x000000008a600000, 0x000000008a700000, 0x000000008a700000|100%| E|CS|TAMS 0x000000008a600000| PB 0x000000008a600000| Complete 
| 125|0x000000008a700000, 0x000000008a800000, 0x000000008a800000|100%| E|CS|TAMS 0x000000008a700000| PB 0x000000008a700000| Complete 

Card table byte_map: [0x000001fa65a40000,0x000001fa65e30000] _byte_map_base: 0x000001fa6562b000

Marking Bits: (CMBitMap*) 0x000001fa52fef520
 Bits: [0x000001fa65e30000, 0x000001fa67d88000)

Polling page: 0x000001fa52760000

Metaspace:

Usage:
  Non-class:     14.75 MB used.
      Class:      1.75 MB used.
       Both:     16.50 MB used.

Virtual space:
  Non-class space:       64.00 MB reserved,      14.88 MB ( 23%) committed,  1 nodes.
      Class space:        1.00 GB reserved,       1.88 MB ( <1%) committed,  1 nodes.
             Both:        1.06 GB reserved,      16.75 MB (  2%) committed. 

Chunk freelists:
   Non-Class:  768.00 KB
       Class:  14.16 MB
        Both:  14.91 MB

MaxMetaspaceSize: unlimited
CompressedClassSpaceSize: 1.00 GB
Initial GC threshold: 21.00 MB
Current GC threshold: 21.00 MB
CDS: off
 - commit_granule_bytes: 65536.
 - commit_granule_words: 8192.
 - virtual_space_node_default_size: 8388608.
 - enlarge_chunks_in_place: 1.
 - use_allocation_guard: 0.


Internal statistics:

num_allocs_failed_limit: 0.
num_arena_births: 244.
num_arena_deaths: 0.
num_vsnodes_births: 2.
num_vsnodes_deaths: 0.
num_space_committed: 268.
num_space_uncommitted: 0.
num_chunks_returned_to_freelist: 0.
num_chunks_taken_from_freelist: 440.
num_chunk_merges: 0.
num_chunk_splits: 240.
num_chunks_enlarged: 112.
num_inconsistent_stats: 0.

CodeHeap 'non-profiled nmethods': size=120000Kb used=414Kb max_used=414Kb free=119585Kb
 bounds [0x000001fa5dbc0000, 0x000001fa5de30000, 0x000001fa650f0000]
CodeHeap 'profiled nmethods': size=120000Kb used=1905Kb max_used=1905Kb free=118094Kb
 bounds [0x000001fa560f0000, 0x000001fa56360000, 0x000001fa5d620000]
CodeHeap 'non-nmethods': size=5760Kb used=1407Kb max_used=1425Kb free=4352Kb
 bounds [0x000001fa5d620000, 0x000001fa5d890000, 0x000001fa5dbc0000]
 total_blobs=1711 nmethods=1196 adapters=420
 compilation: enabled
              stopped_count=0, restarted_count=0
 full_count=0

Compilation events (20 events):
Event: 4.790 Thread 0x000001fa6ac1b880 nmethod 1188 0x000001fa562c9990 code [0x000001fa562c9b60, 0x000001fa562c9d68]
Event: 4.790 Thread 0x000001fa6ac1b880 1189       3       java.lang.StringBuilder::<init> (6 bytes)
Event: 4.790 Thread 0x000001fa6ac1b880 nmethod 1189 0x000001fa562c9f10 code [0x000001fa562ca0c0, 0x000001fa562ca1f8]
Event: 4.791 Thread 0x000001fa6ac0e230 1190       4       jdk.internal.util.StrongReferenceKey::hashCode (8 bytes)
Event: 4.791 Thread 0x000001fa6ac19670 nmethod 1185 0x000001fa5dc25a10 code [0x000001fa5dc25be0, 0x000001fa5dc261a0]
Event: 4.791 Thread 0x000001fa6ac1b880 1191       3       java.util.concurrent.locks.AbstractQueuedSynchronizer::signalNext (34 bytes)
Event: 4.791 Thread 0x000001fa6ac1b880 nmethod 1191 0x000001fa562ca290 code [0x000001fa562ca480, 0x000001fa562ca900]
Event: 4.791 Thread 0x000001fa6ac1b880 1192       3       java.nio.ByteBuffer::hasArray (20 bytes)
Event: 4.791 Thread 0x000001fa6ac1b880 nmethod 1192 0x000001fa562caa90 code [0x000001fa562cac40, 0x000001fa562cadd8]
Event: 4.792 Thread 0x000001fa6ac1b880 1193   !   3       jdk.internal.misc.ScopedMemoryAccess::copyMemory (27 bytes)
Event: 4.792 Thread 0x000001fa6ac1b880 nmethod 1193 0x000001fa562cae90 code [0x000001fa562cb0a0, 0x000001fa562cb6a8]
Event: 4.792 Thread 0x000001fa6ac1b880 1194   !   3       jdk.internal.misc.ScopedMemoryAccess::copyMemoryInternal (56 bytes)
Event: 4.792 Thread 0x000001fa6ac1b880 nmethod 1194 0x000001fa562cba90 code [0x000001fa562cbc80, 0x000001fa562cc1a0]
Event: 4.794 Thread 0x000001fa6ac0e230 nmethod 1190 0x000001fa5dc26490 code [0x000001fa5dc266a0, 0x000001fa5dc26ab0]
Event: 4.795 Thread 0x000001fa6ac1b880 1195       1       java.util.concurrent.atomic.AtomicInteger::get (5 bytes)
Event: 4.795 Thread 0x000001fa6ac19670 1196       4       java.lang.invoke.VarHandle::checkAccessModeThenIsDirect (29 bytes)
Event: 4.795 Thread 0x000001fa6ac1b880 nmethod 1195 0x000001fa5dc26e10 code [0x000001fa5dc26fa0, 0x000001fa5dc27068]
Event: 4.797 Thread 0x000001fa6ac19670 nmethod 1196 0x000001fa5dc27110 code [0x000001fa5dc272c0, 0x000001fa5dc27540]
Event: 4.797 Thread 0x000001fa6ac1b880 1197       1       sun.security.provider.DigestBase::engineGetDigestLength (5 bytes)
Event: 4.797 Thread 0x000001fa6ac1b880 nmethod 1197 0x000001fa5dc27690 code [0x000001fa5dc27820, 0x000001fa5dc278e8]

GC Heap History (0 events):
No events

Dll operation events (2 events):
Event: 0.011 Loaded shared library C:\Program Files\Android\Android Studio1\jbr\bin\java.dll
Event: 0.018 Loaded shared library C:\Program Files\Android\Android Studio1\jbr\bin\zip.dll

Deoptimization events (20 events):
Event: 4.743 Thread 0x000001fa6f3a8440 Uncommon trap: trap_request=0xffffffde fr.pc=0x000001fa5dc15428 relative=0x0000000000000268
Event: 4.743 Thread 0x000001fa6f3a8440 Uncommon trap: reason=class_check action=maybe_recompile pc=0x000001fa5dc15428 method=sun.security.util.math.intpoly.IntegerPolynomial.multByInt([JJ)V @ 26 c2
Event: 4.743 Thread 0x000001fa6f3a8440 DEOPT PACKING pc=0x000001fa5dc15428 sp=0x00000048d31fe420
Event: 4.743 Thread 0x000001fa6f3a8440 DEOPT UNPACKING pc=0x000001fa5d6746a2 sp=0x00000048d31fe3f0 mode 2
Event: 4.743 Thread 0x000001fa6f3a8440 Uncommon trap: trap_request=0xffffffde fr.pc=0x000001fa5dc15428 relative=0x0000000000000268
Event: 4.743 Thread 0x000001fa6f3a8440 Uncommon trap: reason=class_check action=maybe_recompile pc=0x000001fa5dc15428 method=sun.security.util.math.intpoly.IntegerPolynomial.multByInt([JJ)V @ 26 c2
Event: 4.743 Thread 0x000001fa6f3a8440 DEOPT PACKING pc=0x000001fa5dc15428 sp=0x00000048d31fe420
Event: 4.743 Thread 0x000001fa6f3a8440 DEOPT UNPACKING pc=0x000001fa5d6746a2 sp=0x00000048d31fe3f0 mode 2
Event: 4.743 Thread 0x000001fa6f3a8440 Uncommon trap: trap_request=0xffffffde fr.pc=0x000001fa5dc15428 relative=0x0000000000000268
Event: 4.743 Thread 0x000001fa6f3a8440 Uncommon trap: reason=class_check action=maybe_recompile pc=0x000001fa5dc15428 method=sun.security.util.math.intpoly.IntegerPolynomial.multByInt([JJ)V @ 26 c2
Event: 4.743 Thread 0x000001fa6f3a8440 DEOPT PACKING pc=0x000001fa5dc15428 sp=0x00000048d31fe420
Event: 4.743 Thread 0x000001fa6f3a8440 DEOPT UNPACKING pc=0x000001fa5d6746a2 sp=0x00000048d31fe3f0 mode 2
Event: 4.743 Thread 0x000001fa6f3a8440 Uncommon trap: trap_request=0xffffffde fr.pc=0x000001fa5dc15428 relative=0x0000000000000268
Event: 4.743 Thread 0x000001fa6f3a8440 Uncommon trap: reason=class_check action=maybe_recompile pc=0x000001fa5dc15428 method=sun.security.util.math.intpoly.IntegerPolynomial.multByInt([JJ)V @ 26 c2
Event: 4.743 Thread 0x000001fa6f3a8440 DEOPT PACKING pc=0x000001fa5dc15428 sp=0x00000048d31fe420
Event: 4.743 Thread 0x000001fa6f3a8440 DEOPT UNPACKING pc=0x000001fa5d6746a2 sp=0x00000048d31fe3f0 mode 2
Event: 4.797 Thread 0x000001fa6f3a8440 Uncommon trap: trap_request=0xffffff45 fr.pc=0x000001fa5dc1f530 relative=0x00000000000009f0
Event: 4.797 Thread 0x000001fa6f3a8440 Uncommon trap: reason=unstable_if action=reinterpret pc=0x000001fa5dc1f530 method=java.util.HashMap.putVal(ILjava/lang/Object;Ljava/lang/Object;ZZ)Ljava/lang/Object; @ 81 c2
Event: 4.797 Thread 0x000001fa6f3a8440 DEOPT PACKING pc=0x000001fa5dc1f530 sp=0x00000048d31fe790
Event: 4.797 Thread 0x000001fa6f3a8440 DEOPT UNPACKING pc=0x000001fa5d6746a2 sp=0x00000048d31fe730 mode 2

Classes loaded (20 events):
Event: 4.770 Loading class jdk/internal/event/TLSHandshakeEvent
Event: 4.770 Loading class jdk/internal/event/TLSHandshakeEvent done
Event: 4.770 Loading class com/sun/crypto/provider/GaloisCounterMode$GCMEncrypt
Event: 4.770 Loading class com/sun/crypto/provider/GaloisCounterMode$GCMEncrypt done
Event: 4.770 Loading class com/sun/crypto/provider/GaloisCounterMode$EncryptOp
Event: 4.770 Loading class com/sun/crypto/provider/GaloisCounterMode$EncryptOp done
Event: 4.770 Loading class sun/security/ssl/CipherSuite$1
Event: 4.770 Loading class sun/security/ssl/CipherSuite$1 done
Event: 4.771 Loading class java/util/concurrent/CompletionException
Event: 4.771 Loading class java/util/concurrent/CompletionException done
Event: 4.786 Loading class java/util/Collections$UnmodifiableMap$UnmodifiableEntrySet
Event: 4.786 Loading class java/util/Collections$UnmodifiableMap$UnmodifiableEntrySet done
Event: 4.786 Loading class java/util/Collections$UnmodifiableMap$UnmodifiableEntrySet$1
Event: 4.786 Loading class java/util/Collections$UnmodifiableMap$UnmodifiableEntrySet$1 done
Event: 4.786 Loading class java/util/Collections$UnmodifiableMap$UnmodifiableEntrySet$UnmodifiableEntry
Event: 4.786 Loading class java/util/Collections$UnmodifiableMap$UnmodifiableEntrySet$UnmodifiableEntry done
Event: 4.797 Loading class sun/security/ssl/NewSessionTicket$T13NewSessionTicketMessage
Event: 4.797 Loading class sun/security/ssl/NewSessionTicket$NewSessionTicketMessage
Event: 4.797 Loading class sun/security/ssl/NewSessionTicket$NewSessionTicketMessage done
Event: 4.797 Loading class sun/security/ssl/NewSessionTicket$T13NewSessionTicketMessage done

Classes unloaded (0 events):
No events

Classes redefined (0 events):
No events

Internal exceptions (20 events):
Event: 0.409 Thread 0x000001fa50c03fc0 Exception <a 'java/lang/NoSuchMethodError'{0x000000008a102100}: 'int java.lang.invoke.DirectMethodHandle$Holder.invokeStaticInit(java.lang.Object, long, long)'> (0x000000008a102100) 
thrown [s\src\hotspot\share\interpreter\linkResolver.cpp, line 784]
Event: 0.409 Thread 0x000001fa50c03fc0 Exception <a 'java/lang/NoSuchMethodError'{0x000000008a108b98}: 'int java.lang.invoke.DirectMethodHandle$Holder.invokeStaticInit(java.lang.Object, float, float)'> (0x000000008a108b98) 
thrown [s\src\hotspot\share\interpreter\linkResolver.cpp, line 784]
Event: 0.410 Thread 0x000001fa50c03fc0 Exception <a 'java/lang/NoSuchMethodError'{0x000000008a10f628}: 'int java.lang.invoke.DirectMethodHandle$Holder.invokeStaticInit(java.lang.Object, double, double)'> (0x000000008a10f628) 
thrown [s\src\hotspot\share\interpreter\linkResolver.cpp, line 784]
Event: 0.410 Thread 0x000001fa50c03fc0 Exception <a 'java/lang/NoSuchMethodError'{0x000000008a113cb0}: 'int java.lang.invoke.DirectMethodHandle$Holder.invokeStatic(java.lang.Object, long)'> (0x000000008a113cb0) 
thrown [s\src\hotspot\share\interpreter\linkResolver.cpp, line 784]
Event: 0.413 Thread 0x000001fa50c03fc0 Exception <a 'java/lang/NoSuchMethodError'{0x000000008a140bb8}: 'java.lang.Object java.lang.invoke.DelegatingMethodHandle$Holder.delegate(java.lang.Object, int, java.lang.Object, java.lang.Object)'> (0x000000008a140bb8) 
thrown [s\src\hotspot\share\interpreter\linkResolver.cpp, line 784]
Event: 0.415 Thread 0x000001fa50c03fc0 Exception <a 'java/lang/NoSuchMethodError'{0x000000008a14fed8}: 'int java.lang.invoke.Invokers$Holder.linkToTargetMethod(java.lang.Object, java.lang.Object, java.lang.Object)'> (0x000000008a14fed8) 
thrown [s\src\hotspot\share\interpreter\linkResolver.cpp, line 784]
Event: 0.417 Thread 0x000001fa50c03fc0 Exception <a 'java/lang/NoSuchMethodError'{0x000000008a17f860}: 'long java.lang.invoke.DirectMethodHandle$Holder.invokeSpecial(java.lang.Object, java.lang.Object)'> (0x000000008a17f860) 
thrown [s\src\hotspot\share\interpreter\linkResolver.cpp, line 784]
Event: 0.418 Thread 0x000001fa50c03fc0 Exception <a 'java/lang/NoSuchMethodError'{0x000000008a186130}: 'int java.lang.invoke.DirectMethodHandle$Holder.invokeStatic(java.lang.Object, java.lang.Object, java.lang.Object, java.lang.Object)'> (0x000000008a186130) 
thrown [s\src\hotspot\share\interpreter\linkResolver.cpp, line 784]
Event: 0.418 Thread 0x000001fa50c03fc0 Exception <a 'java/lang/NoSuchMethodError'{0x000000008a189550}: 'java.lang.Object java.lang.invoke.Invokers$Holder.invokeExact_MT(java.lang.Object, java.lang.Object, java.lang.Object, java.lang.Object, java.lang.Object, java.lang.Object)'> (0x000000008a189550) 
thrown [s\src\hotspot\share\interpreter\linkResolver.cpp, line 784]
Event: 0.502 Thread 0x000001fa50c03fc0 Exception <a 'java/lang/NoSuchMethodError'{0x0000000089f69548}: 'java.lang.Object java.lang.invoke.DirectMethodHandle$Holder.newInvokeSpecial(java.lang.Object, java.lang.Object, java.lang.Object, java.lang.Object, java.lang.Object)'> (0x0000000089f69548) 
thrown [s\src\hotspot\share\interpreter\linkResolver.cpp, line 784]
Event: 0.523 Thread 0x000001fa50c03fc0 Exception <a 'java/lang/NoSuchMethodError'{0x0000000089d3bf50}: 'java.lang.Object java.lang.invoke.DirectMethodHandle$Holder.invokeSpecial(java.lang.Object, java.lang.Object, java.lang.Object, java.lang.Object, int)'> (0x0000000089d3bf50) 
thrown [s\src\hotspot\share\interpreter\linkResolver.cpp, line 784]
Event: 0.523 Thread 0x000001fa50c03fc0 Exception <a 'java/lang/NoSuchMethodError'{0x0000000089d3f8b8}: 'java.lang.Object java.lang.invoke.Invokers$Holder.linkToTargetMethod(java.lang.Object, java.lang.Object, int, java.lang.Object)'> (0x0000000089d3f8b8) 
thrown [s\src\hotspot\share\interpreter\linkResolver.cpp, line 784]
Event: 0.527 Thread 0x000001fa50c03fc0 Exception <a 'java/lang/NoSuchMethodError'{0x0000000089d6a930}: 'void java.lang.invoke.DirectMethodHandle$Holder.invokeSpecial(java.lang.Object, java.lang.Object, java.lang.Object)'> (0x0000000089d6a930) 
thrown [s\src\hotspot\share\interpreter\linkResolver.cpp, line 784]
Event: 0.537 Thread 0x000001fa50c03fc0 Exception <a 'java/lang/NoSuchMethodError'{0x0000000089df1340}: 'void java.lang.invoke.DirectMethodHandle$Holder.invokeSpecial(java.lang.Object, java.lang.Object, java.lang.Object, java.lang.Object, java.lang.Object)'> (0x0000000089df1340) 
thrown [s\src\hotspot\share\interpreter\linkResolver.cpp, line 784]
Event: 0.537 Thread 0x000001fa6f32f500 Exception <a 'java/lang/NoSuchMethodError'{0x0000000089f954c0}: 'void java.lang.invoke.DirectMethodHandle$Holder.invokeStatic(java.lang.Object, java.lang.Object, int)'> (0x0000000089f954c0) 
thrown [s\src\hotspot\share\interpreter\linkResolver.cpp, line 784]
Event: 0.543 Thread 0x000001fa6f32f500 Exception <a 'java/lang/NoSuchMethodError'{0x0000000089fce068}: 'void java.lang.invoke.DirectMethodHandle$Holder.invokeStatic(java.lang.Object, java.lang.Object)'> (0x0000000089fce068) 
thrown [s\src\hotspot\share\interpreter\linkResolver.cpp, line 784]
Event: 0.543 Thread 0x000001fa6f3a8440 Exception <a 'java/lang/NoSuchMethodError'{0x0000000089c95260}: 'void java.lang.invoke.DirectMethodHandle$Holder.invokeInterface(java.lang.Object, java.lang.Object, java.lang.Object)'> (0x0000000089c95260) 
thrown [s\src\hotspot\share\interpreter\linkResolver.cpp, line 784]
Event: 0.547 Thread 0x000001fa6f3a8440 Exception <a 'java/lang/NoSuchMethodError'{0x0000000089cdabb0}: 'void java.lang.invoke.DirectMethodHandle$Holder.invokeVirtual(java.lang.Object, java.lang.Object)'> (0x0000000089cdabb0) 
thrown [s\src\hotspot\share\interpreter\linkResolver.cpp, line 784]
Event: 4.735 Thread 0x000001fa6f3a8440 Exception <a 'java/lang/NoSuchMethodError'{0x0000000089ae4590}: 'void java.lang.invoke.DirectMethodHandle$Holder.invokeInterface(java.lang.Object, java.lang.Object)'> (0x0000000089ae4590) 
thrown [s\src\hotspot\share\interpreter\linkResolver.cpp, line 784]
Event: 4.771 Thread 0x000001fa6f3a8440 Exception <a 'java/lang/NoSuchMethodError'{0x0000000089957ff8}: 'void java.lang.invoke.DirectMethodHandle$Holder.invokeStatic(java.lang.Object, java.lang.Object, java.lang.Object, java.lang.Object)'> (0x0000000089957ff8) 
thrown [s\src\hotspot\share\interpreter\linkResolver.cpp, line 784]

ZGC Phase Switch (0 events):
No events

VM Operations (10 events):
Event: 0.109 Executing VM operation: HandshakeAllThreads (Deoptimize)
Event: 0.109 Executing VM operation: HandshakeAllThreads (Deoptimize) done
Event: 0.117 Executing VM operation: HandshakeAllThreads (Deoptimize)
Event: 0.117 Executing VM operation: HandshakeAllThreads (Deoptimize) done
Event: 0.253 Executing VM operation: HandshakeAllThreads (Deoptimize)
Event: 0.253 Executing VM operation: HandshakeAllThreads (Deoptimize) done
Event: 1.264 Executing VM operation: Cleanup
Event: 1.684 Executing VM operation: Cleanup done
Event: 5.723 Executing VM operation: Cleanup
Event: 5.723 Executing VM operation: Cleanup done

Memory protections (0 events):
No events

Nmethod flushes (0 events):
No events

Events (20 events):
Event: 0.056 Thread 0x000001fa50c03fc0 Thread added: 0x000001fa6abdea10
Event: 0.056 Thread 0x000001fa50c03fc0 Thread added: 0x000001fa6abdf460
Event: 0.057 Thread 0x000001fa50c03fc0 Thread added: 0x000001fa6abfa9a0
Event: 0.057 Thread 0x000001fa50c03fc0 Thread added: 0x000001fa6abfb3f0
Event: 0.057 Thread 0x000001fa50c03fc0 Thread added: 0x000001fa6abfc5e0
Event: 0.057 Thread 0x000001fa50c03fc0 Thread added: 0x000001fa6abfd7d0
Event: 0.057 Thread 0x000001fa50c03fc0 Thread added: 0x000001fa6ac0e230
Event: 0.057 Thread 0x000001fa50c03fc0 Thread added: 0x000001fa6ac1b880
Event: 0.084 Thread 0x000001fa50c03fc0 Thread added: 0x000001fa6ada6de0
Event: 0.088 Thread 0x000001fa50c03fc0 Thread added: 0x000001fa6adb4300
Event: 0.093 Loaded shared library C:\Program Files\Android\Android Studio1\jbr\bin\net.dll
Event: 0.096 Loaded shared library C:\Program Files\Android\Android Studio1\jbr\bin\nio.dll
Event: 0.104 Loaded shared library C:\Program Files\Android\Android Studio1\jbr\bin\zip.dll
Event: 0.160 Loaded shared library C:\Program Files\Android\Android Studio1\jbr\bin\jimage.dll
Event: 0.488 Loaded shared library C:\Program Files\Android\Android Studio1\jbr\bin\extnet.dll
Event: 0.498 Thread 0x000001fa50c03fc0 Thread added: 0x000001fa6f32f500
Event: 0.542 Thread 0x000001fa6f32f500 Thread added: 0x000001fa6f3a8440
Event: 0.552 Thread 0x000001fa6f32f500 Thread added: 0x000001fa6f3a9370
Event: 0.583 Thread 0x000001fa6ac1b880 Thread added: 0x000001fa6ac19670
Event: 0.583 Thread 0x000001fa6ac1b880 Thread added: 0x000001fa6ac18fa0


Dynamic libraries:
0x00007ff7e2cf0000 - 0x00007ff7e2cfa000 	C:\Program Files\Android\Android Studio1\jbr\bin\java.exe
0x00007ffe68a00000 - 0x00007ffe68c67000 	C:\WINDOWS\SYSTEM32\ntdll.dll
0x00007ffe67a00000 - 0x00007ffe67ac9000 	C:\WINDOWS\System32\KERNEL32.DLL
0x00007ffe66160000 - 0x00007ffe6654f000 	C:\WINDOWS\System32\KERNELBASE.dll
0x00007ffe66010000 - 0x00007ffe6615b000 	C:\WINDOWS\System32\ucrtbase.dll
0x00007ffe62570000 - 0x00007ffe6258b000 	C:\Program Files\Android\Android Studio1\jbr\bin\VCRUNTIME140.dll
0x00007ffe571f0000 - 0x00007ffe57208000 	C:\Program Files\Android\Android Studio1\jbr\bin\jli.dll
0x00007ffe67390000 - 0x00007ffe67555000 	C:\WINDOWS\System32\USER32.dll
0x00007ffe666e0000 - 0x00007ffe66707000 	C:\WINDOWS\System32\win32u.dll
0x00007ffe67920000 - 0x00007ffe6794b000 	C:\WINDOWS\System32\GDI32.dll
0x00007ffe4f480000 - 0x00007ffe4f713000 	C:\WINDOWS\WinSxS\amd64_microsoft.windows.common-controls_6595b64144ccf1df_6.0.26100.7309_none_3e05feeae336a044\COMCTL32.dll
0x00007ffe65c00000 - 0x00007ffe65d2c000 	C:\WINDOWS\System32\gdi32full.dll
0x00007ffe66960000 - 0x00007ffe66a09000 	C:\WINDOWS\System32\msvcrt.dll
0x00007ffe65b50000 - 0x00007ffe65bf3000 	C:\WINDOWS\System32\msvcp_win.dll
0x00007ffe67350000 - 0x00007ffe67381000 	C:\WINDOWS\System32\IMM32.DLL
0x00007ffe605f0000 - 0x00007ffe605fc000 	C:\Program Files\Android\Android Studio1\jbr\bin\vcruntime140_1.dll
0x00007ffe466c0000 - 0x00007ffe4674d000 	C:\Program Files\Android\Android Studio1\jbr\bin\msvcp140.dll
0x00007ffd973d0000 - 0x00007ffd9805b000 	C:\Program Files\Android\Android Studio1\jbr\bin\server\jvm.dll
0x00007ffe67290000 - 0x00007ffe67344000 	C:\WINDOWS\System32\ADVAPI32.dll
0x00007ffe67950000 - 0x00007ffe679f6000 	C:\WINDOWS\System32\sechost.dll
0x00007ffe67be0000 - 0x00007ffe67cf8000 	C:\WINDOWS\System32\RPCRT4.dll
0x00007ffe66a80000 - 0x00007ffe66af4000 	C:\WINDOWS\System32\WS2_32.dll
0x00007ffe65800000 - 0x00007ffe6585e000 	C:\WINDOWS\SYSTEM32\POWRPROF.dll
0x00007ffe5ad70000 - 0x00007ffe5ad7b000 	C:\WINDOWS\SYSTEM32\VERSION.dll
0x00007ffe5bdd0000 - 0x00007ffe5be05000 	C:\WINDOWS\SYSTEM32\WINMM.dll
0x00007ffe657e0000 - 0x00007ffe657f4000 	C:\WINDOWS\SYSTEM32\UMPDC.dll
0x00007ffe648e0000 - 0x00007ffe648fb000 	C:\WINDOWS\SYSTEM32\kernel.appcore.dll
0x00007ffe605c0000 - 0x00007ffe605ca000 	C:\Program Files\Android\Android Studio1\jbr\bin\jimage.dll
0x00007ffe632f0000 - 0x00007ffe63532000 	C:\WINDOWS\SYSTEM32\DBGHELP.DLL
0x00007ffe67590000 - 0x00007ffe67916000 	C:\WINDOWS\System32\combase.dll
0x00007ffe66880000 - 0x00007ffe66956000 	C:\WINDOWS\System32\OLEAUT32.dll
0x00007ffe4e0c0000 - 0x00007ffe4e0fc000 	C:\WINDOWS\SYSTEM32\dbgcore.DLL
0x00007ffe65f60000 - 0x00007ffe66005000 	C:\WINDOWS\System32\bcryptPrimitives.dll
0x00007ffe60570000 - 0x00007ffe60590000 	C:\Program Files\Android\Android Studio1\jbr\bin\java.dll
0x00007ffe58290000 - 0x00007ffe582a8000 	C:\Program Files\Android\Android Studio1\jbr\bin\zip.dll
0x00007ffe67e00000 - 0x00007ffe68553000 	C:\WINDOWS\System32\SHELL32.dll
0x00007ffe65df0000 - 0x00007ffe65f5a000 	C:\WINDOWS\System32\wintypes.dll
0x00007ffe63730000 - 0x00007ffe63f8e000 	C:\WINDOWS\SYSTEM32\windows.storage.dll
0x00007ffe67ad0000 - 0x00007ffe67bc5000 	C:\WINDOWS\System32\SHCORE.dll
0x00007ffe66a10000 - 0x00007ffe66a76000 	C:\WINDOWS\System32\shlwapi.dll
0x00007ffe65a70000 - 0x00007ffe65a99000 	C:\WINDOWS\SYSTEM32\profapi.dll
0x00007ffe605b0000 - 0x00007ffe605c0000 	C:\Program Files\Android\Android Studio1\jbr\bin\net.dll
0x00007ffe5bec0000 - 0x00007ffe5bfe8000 	C:\WINDOWS\SYSTEM32\WINHTTP.dll
0x00007ffe64e70000 - 0x00007ffe64edb000 	C:\WINDOWS\system32\mswsock.dll
0x00007ffe581a0000 - 0x00007ffe581b6000 	C:\Program Files\Android\Android Studio1\jbr\bin\nio.dll
0x00007ffe65130000 - 0x00007ffe6514b000 	C:\WINDOWS\SYSTEM32\CRYPTSP.dll
0x00007ffe64840000 - 0x00007ffe6487a000 	C:\WINDOWS\system32\rsaenh.dll
0x00007ffe64f20000 - 0x00007ffe64f4b000 	C:\WINDOWS\SYSTEM32\USERENV.dll
0x00007ffe65a40000 - 0x00007ffe65a6a000 	C:\WINDOWS\SYSTEM32\bcrypt.dll
0x00007ffe65150000 - 0x00007ffe6515c000 	C:\WINDOWS\SYSTEM32\CRYPTBASE.dll
0x00007ffe642c0000 - 0x00007ffe642f4000 	C:\WINDOWS\SYSTEM32\IPHLPAPI.DLL
0x00007ffe68560000 - 0x00007ffe6856a000 	C:\WINDOWS\System32\NSI.dll
0x00007ffdefb00000 - 0x00007ffdefb08000 	C:\WINDOWS\system32\wshunix.dll
0x00007ffe58110000 - 0x00007ffe58119000 	C:\Program Files\Android\Android Studio1\jbr\bin\extnet.dll

dbghelp: loaded successfully - version: 4.0.5 - missing functions: none
symbol engine: initialized successfully - sym options: 0x614 - pdb path: .;C:\Program Files\Android\Android Studio1\jbr\bin;C:\WINDOWS\SYSTEM32;C:\WINDOWS\WinSxS\amd64_microsoft.windows.common-controls_6595b64144ccf1df_6.0.26100.7309_none_3e05feeae336a044;C:\Program Files\Android\Android Studio1\jbr\bin\server

VM Arguments:
java_command: git4idea.http.GitAskPassApp Username for 'https://github.com': 
java_class_path (initial): C:/Program Files/Android/Android Studio1/plugins/vcs-git/lib/git4idea-rt.jar;C:/Program Files/Android/Android Studio1/lib/externalProcess-rt.jar
Launcher Type: SUN_STANDARD

[Global flags]
     intx CICompilerCount                          = 4                                         {product} {ergonomic}
     uint ConcGCThreads                            = 3                                         {product} {ergonomic}
     uint G1ConcRefinementThreads                  = 10                                        {product} {ergonomic}
   size_t G1HeapRegionSize                         = 1048576                                   {product} {ergonomic}
    uintx GCDrainStackTargetSize                   = 64                                        {product} {ergonomic}
   size_t InitialHeapSize                          = 132120576                                 {product} {ergonomic}
   size_t MarkStackSize                            = 4194304                                   {product} {ergonomic}
   size_t MaxHeapSize                              = 2103443456                                {product} {ergonomic}
   size_t MaxNewSize                               = 1261436928                                {product} {ergonomic}
   size_t MinHeapDeltaBytes                        = 1048576                                   {product} {ergonomic}
   size_t MinHeapSize                              = 8388608                                   {product} {ergonomic}
    uintx NonNMethodCodeHeapSize                   = 5839372                                {pd product} {ergonomic}
    uintx NonProfiledCodeHeapSize                  = 122909434                              {pd product} {ergonomic}
    uintx ProfiledCodeHeapSize                     = 122909434                              {pd product} {ergonomic}
    uintx ReservedCodeCacheSize                    = 251658240                              {pd product} {ergonomic}
     bool SegmentedCodeCache                       = true                                      {product} {ergonomic}
   size_t SoftMaxHeapSize                          = 2103443456                             {manageable} {ergonomic}
     bool UseCompressedOops                        = true                           {product lp64_product} {ergonomic}
     bool UseG1GC                                  = true                                      {product} {ergonomic}
     bool UseLargePagesIndividualAllocation        = false                                  {pd product} {ergonomic}

Logging:
Log output configuration:
 #0: stdout all=warning uptime,level,tags foldmultilines=false
 #1: stderr all=off uptime,level,tags foldmultilines=false

Environment Variables:
PATH=C:/Program Files/Git/mingw64/libexec/git-core;C:/Program Files/Git/mingw64/libexec/git-core;C:\Program Files\Git\mingw64\bin;C:\Program Files\Git\usr\bin;C:\Users\plane\bin;C:\Program Files (x86)\Common Files\Oracle\Java\java8path;C:\Program Files (x86)\Common Files\Oracle\Java\javapath;C:\Windows\system32;C:\Windows;C:\Windows\System32\Wbem;C:\Windows\System32\WindowsPowerShell\v1.0\;C:\Windows\System32\OpenSSH\;C:\Program Files\Git\cmd;C:\WINDOWS\system32;C:\WINDOWS;C:\WINDOWS\System32\Wbem;C:\WINDOWS\System32\WindowsPowerShell\v1.0\;C:\WINDOWS\System32\OpenSSH\;C:\ProgramData\chocolatey\bin;C:\Program Files\CMake\bin;C:\WINDOWS\system32;C:\WINDOWS;C:\WINDOWS\System32\Wbem;C:\WINDOWS\System32\WindowsPowerShell\v1.0\;C:\WINDOWS\System32\OpenSSH\;C:\Program Files\dotnet\;C:\Program Files\nodejs\;C:\Users\plane\.cargo\bin;C:\Users\plane\AppData\Local\Microsoft\WindowsApps;C:\Users\plane\AppData\Local\Programs\Microsoft VS Code\bin;C:\Users\plane\AppData\Local\GitHubDesktop\bin;C:\Program Files (x86)\Microsoft Visual Studio\2022\BuildTools\MSBuild\Current\Bin;C:\Users\plane\AppData\Local\Packages\PythonSoftwareFoundation.Python.3.11_qbz5n2kfra8p0\LocalCache\local-packages\Python311\Scripts;C:\msys64\ucrt64\bin;C:\Users\plane\OneDrive\Desktop\path_files;C:\Users\plane\AppData\Roaming\npm
USERNAME=plane
DISPLAY=:0.0
LC_ALL=en_US.UTF-8
TERM=xterm-256color
TMPDIR=C:\Users\plane\AppData\Local\Temp
OS=Windows_NT
PROCESSOR_IDENTIFIER=AMD64 Family 25 Model 80 Stepping 0, AuthenticAMD
TMP=C:\Users\plane\AppData\Local\Temp
TEMP=C:\Users\plane\AppData\Local\Temp




Periodic native trim disabled

JNI global refs:
JNI global refs: 20, weak refs: 0

JNI global refs memory usage: 835, weak refs: 201

Process memory usage:
Resident Set Size: 86672K (1% of 8212864K total physical memory with 712768K free physical memory)

OOME stack traces (most recent first):
Classloader memory used:
Loader bootstrap                                                                       : 15094K
Loader jdk.internal.loader.ClassLoaders$PlatformClassLoader                            : 1785K
Loader jdk.internal.loader.ClassLoaders$AppClassLoader                                 : 16448B

---------------  S Y S T E M  ---------------

OS:
 Windows 11 , 64 bit Build 26100 (10.0.26100.7623)
OS uptime: 6 days 19:31 hours
Hyper-V role detected

CPU: total 12 (initial active 12) (12 cores per cpu, 2 threads per core) family 25 model 80 stepping 0 microcode 0xa50000c, cx8, cmov, fxsr, ht, mmx, 3dnowpref, sse, sse2, sse3, ssse3, sse4a, sse4.1, sse4.2, popcnt, lzcnt, tsc, tscinvbit, avx, avx2, aes, erms, clmul, bmi1, bmi2, adx, sha, fma, vzeroupper, clflush, clflushopt, hv, rdtscp, rdpid, fsrm, f16c, cet_ss
Processor Information for the first 12 processors :
  Max Mhz: 3901, Current Mhz: 3901, Mhz Limit: 3901

Memory: 4k page, system-wide physical 8020M (696M free)
TotalPageFile size 32596M (AvailPageFile size 3M)
current process WorkingSet (physical memory assigned to process): 84M, peak: 87M
current process commit charge ("private bytes"): 234M, peak: 239M

vm_info: OpenJDK 64-Bit Server VM (21.0.6+-13368085-b895.109) for windows-amd64 JRE (21.0.6+-13368085-b895.109), built on 2025-04-16T17:01:31Z by "builder" with MS VC++ 16.10 / 16.11 (VS2019)

END.
